<?xml version="1.0" encoding="UTF-8"?>
<testng-results skipped="0" failed="0" ignored="0" total="1" passed="1">
  <reporter-output>
  </reporter-output>
  <suite name="Default suite" duration-ms="9893" started-at="2022-05-14T10:32:17 CDT" finished-at="2022-05-14T10:32:26 CDT">
    <groups>
    </groups>
    <test name="Default test" duration-ms="9893" started-at="2022-05-14T10:32:17 CDT" finished-at="2022-05-14T10:32:26 CDT">
      <class name="variousConcepts.HomeWork">
        <test-method status="PASS" signature="init()[pri:0, instance:variousConcepts.HomeWork@34cd072c]" name="init" is-config="true" duration-ms="4363" started-at="2022-05-14T10:32:17 CDT" finished-at="2022-05-14T10:32:21 CDT">
          <reporter-output>
          </reporter-output>
        </test-method> <!-- init -->
        <test-method status="PASS" signature="loginTest()[pri:0, instance:variousConcepts.HomeWork@34cd072c]" name="loginTest" duration-ms="5476" started-at="2022-05-14T10:32:21 CDT" finished-at="2022-05-14T10:32:26 CDT">
          <reporter-output>
          </reporter-output>
        </test-method> <!-- loginTest -->
      </class> <!-- variousConcepts.HomeWork -->
    </test> <!-- Default test -->
  </suite> <!-- Default suite -->
</testng-results>
